生成启动时间为 2018/12/20 15:03:35。
     1>项目“D:\gitPro\LargeImageDetection-yolo-windows\build\darknet\darknet.vcxproj”在节点 2 上(Build 个目标)。
     1>ClCompile:
         F:\VS2013\anzhuang\VC\bin\x86_amd64\CL.exe /c /I..\..\3rdparty\include /I"C:\Program Files\NVIDIA GPU Computing Toolkit\CUDA\v8.0\include" /I"C:\Program Files\NVIDIA GPU Computing Toolkit\CUDA\v8.0\include" /I\include /Zi /nologo /W3 /WX- /sdl /MP /Od /Oi /GL /D OPENCV /D CUDNN /D _TIMESPEC_DEFINED /D _CRT_SECURE_NO_WARNINGS /D _CRT_RAND_S /D GPU /D WIN32 /D NDEBUG /D _CONSOLE /D _LIB /D _MBCS /Gm- /EHsc /MD /GS /Gy /fp:precise /Zc:wchar_t /Zc:forScope /Fo"x64\Release\\" /Fd"x64\Release\vc120.pdb" /Gd /TP /errorReport:prompt cutAndSave.cpp
         cutAndSave.cpp
     1>F:\opencv\opencv\build\include\opencv2/core/mat.hpp(1965): warning C4819: 该文件包含不能在当前代码页(936)中表示的字符。请将该文件保存为 Unicode 格式以防止数据丢失
     1>F:\opencv\opencv\build\include\opencv2/core/persistence.hpp : warning C4819: 该文件包含不能在当前代码页(936)中表示的字符。请将该文件保存为 Unicode 格式以防止数据丢失
     1>F:\opencv\opencv\build\include\opencv2/core/utility.hpp : warning C4819: 该文件包含不能在当前代码页(936)中表示的字符。请将该文件保存为 Unicode 格式以防止数据丢失
     1>cutAndSave.cpp(8): warning C4005: “_CRT_SECURE_NO_WARNINGS”: 宏重定义
                 命令行参数: 参见前面的“_CRT_SECURE_NO_WARNINGS”定义
     1>cutAndSave.cpp(18): warning C4267: “初始化”: 从“size_t”转换到“int”，可能丢失数据
     1>cutAndSave.cpp(24): warning C4244: “=”: 从“intptr_t”转换到“long”，可能丢失数据
     1>cutAndSave.cpp(30): warning C4267: “初始化”: 从“size_t”转换到“int”，可能丢失数据
     1>cutAndSave.cpp(43): warning C4267: “初始化”: 从“size_t”转换到“int”，可能丢失数据
     1>cutAndSave.cpp(65): warning C4267: “初始化”: 从“size_t”转换到“int”，可能丢失数据
     1>cutAndSave.cpp(88): warning C4267: “初始化”: 从“size_t”转换到“int”，可能丢失数据
       Link:
         F:\VS2013\anzhuang\VC\bin\x86_amd64\link.exe /ERRORREPORT:PROMPT /OUT:"D:\gitPro\LargeImageDetection-yolo-windows\build\darknet\x64\\darknet.exe" /NOLOGO /LIBPATH:D:\opencv2410\install\opencv\build\x64\vc12\lib /LIBPATH:"C:\Program Files\NVIDIA GPU Computing Toolkit\CUDA\v10.0lib\x64" /LIBPATH:\lib\x64 /LIBPATH:"C:\Program Files\NVIDIA GPU Computing Toolkit\CUDA\v8.0\lib\x64" ..\..\3rdparty\lib\x64\pthreadVC2.lib cublas.lib curand.lib cudart.lib cudnn.lib opencv_world310.lib opencv_world310d.lib kernel32.lib user32.lib gdi32.lib winspool.lib comdlg32.lib advapi32.lib shell32.lib ole32.lib oleaut32.lib uuid.lib odbc32.lib odbccp32.lib /MANIFEST /MANIFESTUAC:"level='asInvoker' uiAccess='false'" /manifest:embed /DEBUG /PDB:"D:\gitPro\LargeImageDetection-yolo-windows\build\darknet\x64\darknet.pdb" /OPT:REF /OPT:ICF /LTCG /TLBID:1 /DYNAMICBASE /NXCOMPAT /IMPLIB:"D:\gitPro\LargeImageDetection-yolo-windows\build\darknet\x64\darknet.lib" /MACHINE:X64 x64\Release\activation_kernels.cu.obj
         x64\Release\avgpool_layer_kernels.cu.obj
         x64\Release\blas_kernels.cu.obj
         x64\Release\col2im_kernels.cu.obj
         x64\Release\convolutional_kernels.cu.obj
         x64\Release\crop_layer_kernels.cu.obj
         x64\Release\deconvolutional_kernels.cu.obj
         x64\Release\dropout_layer_kernels.cu.obj
         x64\Release\im2col_kernels.cu.obj
         x64\Release\maxpool_layer_kernels.cu.obj
         x64\Release\network_kernels.cu.obj
         x64\Release\activations.obj
         x64\Release\activation_layer.obj
         x64\Release\art.obj
         x64\Release\avgpool_layer.obj
         x64\Release\batchnorm_layer.obj
         x64\Release\blas.obj
         x64\Release\box.obj
         x64\Release\captcha.obj
         x64\Release\cifar.obj
         x64\Release\classifier.obj
         x64\Release\coco.obj
         x64\Release\col2im.obj
         x64\Release\compare.obj
         x64\Release\connected_layer.obj
         x64\Release\convolutional_layer.obj
         x64\Release\cost_layer.obj
         x64\Release\cpu_gemm.obj
         x64\Release\crnn_layer.obj
         x64\Release\crop_layer.obj
         x64\Release\cuda.obj
         x64\Release\darknet.obj
         x64\Release\data.obj
         x64\Release\deconvolutional_layer.obj
         x64\Release\demo.obj
         x64\Release\detection_layer.obj
         x64\Release\detector.obj
         x64\Release\dice.obj
         x64\Release\dropout_layer.obj
         x64\Release\gemm.obj
         x64\Release\getopt.obj
         x64\Release\gettimeofday.obj
         x64\Release\go.obj
         x64\Release\gru_layer.obj
         x64\Release\http_stream.obj
         x64\Release\im2col.obj
         x64\Release\image.obj
         x64\Release\layer.obj
         x64\Release\list.obj
         x64\Release\local_layer.obj
         x64\Release\matrix.obj
         x64\Release\maxpool_layer.obj
         x64\Release\network.obj
         x64\Release\nightmare.obj
         x64\Release\normalization_layer.obj
         x64\Release\option_list.obj
         x64\Release\parser.obj
         x64\Release\region_layer.obj
         x64\Release\reorg_layer.obj
         x64\Release\reorg_old_layer.obj
         x64\Release\rnn.obj
         x64\Release\rnn_layer.obj
         x64\Release\rnn_vid.obj
         x64\Release\route_layer.obj
         x64\Release\shortcut_layer.obj
         x64\Release\softmax_layer.obj
         x64\Release\super.obj
         x64\Release\swag.obj
         x64\Release\tag.obj
         x64\Release\tree.obj
         x64\Release\upsample_layer.obj
         x64\Release\utils.obj
         x64\Release\voxel.obj
         x64\Release\writing.obj
         x64\Release\yolo.obj
         x64\Release\yolo_layer.obj
         x64\Release\cutAndSave.obj
         正在生成代码
     1>d:\gitpro\largeimagedetection-yolo-windows\src\gemm.c(198): warning C4752: 发现 Intel(R) 高级矢量扩展；请考虑使用 /arch:AVX
         已完成代码的生成
         darknet.vcxproj -> D:\gitPro\LargeImageDetection-yolo-windows\build\darknet\x64\darknet.exe
     1>已完成生成项目“D:\gitPro\LargeImageDetection-yolo-windows\build\darknet\darknet.vcxproj”(Build 个目标)的操作。

生成成功。

已用时间 00:00:01.61
